2025-06-03 10:41:00,237 - WARNING - \u26a0\ufe0f Retry 1/3 for https://www.nigelfrank.com/microsoft-jobs?page=1 due to: Message: 
Stacktrace:
	GetHandleVerifier [0x0x7ff6a828fea5+79173]
	GetHandleVerifier [0x0x7ff6a828ff00+79264]
	(No symbol) [0x0x7ff6a8049e5a]
	(No symbol) [0x0x7ff6a80a0586]
	(No symbol) [0x0x7ff6a80a083c]
	(No symbol) [0x0x7ff6a80f4247]
	(No symbol) [0x0x7ff6a80c89af]
	(No symbol) [0x0x7ff6a80f100d]
	(No symbol) [0x0x7ff6a80c8743]
	(No symbol) [0x0x7ff6a80914c1]
	(No symbol) [0x0x7ff6a8092253]
	GetHandleVerifier [0x0x7ff6a855a2dd+3004797]
	GetHandleVerifier [0x0x7ff6a855472d+2981325]
	GetHandleVerifier [0x0x7ff6a8573380+3107360]
	GetHandleVerifier [0x0x7ff6a82aaa2e+188622]
	GetHandleVerifier [0x0x7ff6a82b22bf+219487]
	GetHandleVerifier [0x0x7ff6a8298df4+115860]
	GetHandleVerifier [0x0x7ff6a8298fa9+116297]
	GetHandleVerifier [0x0x7ff6a827f558+11256]
	BaseThreadInitThunk [0x0x7ffcc97e259d+29]
	RtlUserThreadStart [0x0x7ffcca1eaf58+40]

2025-06-03 10:41:15,317 - INFO - \u2705 10 jobs found on https://www.nigelfrank.com/microsoft-jobs?page=1
2025-06-03 10:41:40,793 - WARNING - \u26a0\ufe0f Retry 1/3 for https://www.nigelfrank.com/microsoft-jobs?page=2 due to: Message: 
Stacktrace:
	GetHandleVerifier [0x0x7ff6a828fea5+79173]
	GetHandleVerifier [0x0x7ff6a828ff00+79264]
	(No symbol) [0x0x7ff6a8049e5a]
	(No symbol) [0x0x7ff6a80a0586]
	(No symbol) [0x0x7ff6a80a083c]
	(No symbol) [0x0x7ff6a80f4247]
	(No symbol) [0x0x7ff6a80c89af]
	(No symbol) [0x0x7ff6a80f100d]
	(No symbol) [0x0x7ff6a80c8743]
	(No symbol) [0x0x7ff6a80914c1]
	(No symbol) [0x0x7ff6a8092253]
	GetHandleVerifier [0x0x7ff6a855a2dd+3004797]
	GetHandleVerifier [0x0x7ff6a855472d+2981325]
	GetHandleVerifier [0x0x7ff6a8573380+3107360]
	GetHandleVerifier [0x0x7ff6a82aaa2e+188622]
	GetHandleVerifier [0x0x7ff6a82b22bf+219487]
	GetHandleVerifier [0x0x7ff6a8298df4+115860]
	GetHandleVerifier [0x0x7ff6a8298fa9+116297]
	GetHandleVerifier [0x0x7ff6a827f558+11256]
	BaseThreadInitThunk [0x0x7ffcc97e259d+29]
	RtlUserThreadStart [0x0x7ffcca1eaf58+40]

2025-06-03 10:41:55,919 - INFO - \u2705 10 jobs found on https://www.nigelfrank.com/microsoft-jobs?page=2
2025-06-03 10:42:21,193 - WARNING - \u26a0\ufe0f Retry 1/3 for https://www.nigelfrank.com/microsoft-jobs?page=3 due to: Message: 
Stacktrace:
	GetHandleVerifier [0x0x7ff6a828fea5+79173]
	GetHandleVerifier [0x0x7ff6a828ff00+79264]
	(No symbol) [0x0x7ff6a8049e5a]
	(No symbol) [0x0x7ff6a80a0586]
	(No symbol) [0x0x7ff6a80a083c]
	(No symbol) [0x0x7ff6a80f4247]
	(No symbol) [0x0x7ff6a80c89af]
	(No symbol) [0x0x7ff6a80f100d]
	(No symbol) [0x0x7ff6a80c8743]
	(No symbol) [0x0x7ff6a80914c1]
	(No symbol) [0x0x7ff6a8092253]
	GetHandleVerifier [0x0x7ff6a855a2dd+3004797]
	GetHandleVerifier [0x0x7ff6a855472d+2981325]
	GetHandleVerifier [0x0x7ff6a8573380+3107360]
	GetHandleVerifier [0x0x7ff6a82aaa2e+188622]
	GetHandleVerifier [0x0x7ff6a82b22bf+219487]
	GetHandleVerifier [0x0x7ff6a8298df4+115860]
	GetHandleVerifier [0x0x7ff6a8298fa9+116297]
	GetHandleVerifier [0x0x7ff6a827f558+11256]
	BaseThreadInitThunk [0x0x7ffcc97e259d+29]
	RtlUserThreadStart [0x0x7ffcca1eaf58+40]

2025-06-03 10:42:36,198 - INFO - \u2705 10 jobs found on https://www.nigelfrank.com/microsoft-jobs?page=3
2025-06-03 11:48:15,843 - INFO - \u2705 10 jobs found on https://www.nigelfrank.com/microsoft-jobs?page=1
2025-06-03 11:48:40,762 - WARNING - \u26a0\ufe0f Retry 1/3 for https://www.nigelfrank.com/microsoft-jobs?page=2 due to: Message: 
Stacktrace:
	GetHandleVerifier [0x0x7ff7f45dfea5+79173]
	GetHandleVerifier [0x0x7ff7f45dff00+79264]
	(No symbol) [0x0x7ff7f4399e5a]
	(No symbol) [0x0x7ff7f43f0586]
	(No symbol) [0x0x7ff7f43f083c]
	(No symbol) [0x0x7ff7f4444247]
	(No symbol) [0x0x7ff7f44189af]
	(No symbol) [0x0x7ff7f444100d]
	(No symbol) [0x0x7ff7f4418743]
	(No symbol) [0x0x7ff7f43e14c1]
	(No symbol) [0x0x7ff7f43e2253]
	GetHandleVerifier [0x0x7ff7f48aa2dd+3004797]
	GetHandleVerifier [0x0x7ff7f48a472d+2981325]
	GetHandleVerifier [0x0x7ff7f48c3380+3107360]
	GetHandleVerifier [0x0x7ff7f45faa2e+188622]
	GetHandleVerifier [0x0x7ff7f46022bf+219487]
	GetHandleVerifier [0x0x7ff7f45e8df4+115860]
	GetHandleVerifier [0x0x7ff7f45e8fa9+116297]
	GetHandleVerifier [0x0x7ff7f45cf558+11256]
	BaseThreadInitThunk [0x0x7ffcc97e259d+29]
	RtlUserThreadStart [0x0x7ffcca1eaf58+40]

2025-06-03 11:48:55,133 - INFO - \u2705 10 jobs found on https://www.nigelfrank.com/microsoft-jobs?page=2
2025-06-03 11:49:20,239 - WARNING - \u26a0\ufe0f Retry 1/3 for https://www.nigelfrank.com/microsoft-jobs?page=3 due to: Message: 
Stacktrace:
	GetHandleVerifier [0x0x7ff7f45dfea5+79173]
	GetHandleVerifier [0x0x7ff7f45dff00+79264]
	(No symbol) [0x0x7ff7f4399e5a]
	(No symbol) [0x0x7ff7f43f0586]
	(No symbol) [0x0x7ff7f43f083c]
	(No symbol) [0x0x7ff7f4444247]
	(No symbol) [0x0x7ff7f44189af]
	(No symbol) [0x0x7ff7f444100d]
	(No symbol) [0x0x7ff7f4418743]
	(No symbol) [0x0x7ff7f43e14c1]
	(No symbol) [0x0x7ff7f43e2253]
	GetHandleVerifier [0x0x7ff7f48aa2dd+3004797]
	GetHandleVerifier [0x0x7ff7f48a472d+2981325]
	GetHandleVerifier [0x0x7ff7f48c3380+3107360]
	GetHandleVerifier [0x0x7ff7f45faa2e+188622]
	GetHandleVerifier [0x0x7ff7f46022bf+219487]
	GetHandleVerifier [0x0x7ff7f45e8df4+115860]
	GetHandleVerifier [0x0x7ff7f45e8fa9+116297]
	GetHandleVerifier [0x0x7ff7f45cf558+11256]
	BaseThreadInitThunk [0x0x7ffcc97e259d+29]
	RtlUserThreadStart [0x0x7ffcca1eaf58+40]

2025-06-03 11:49:48,620 - WARNING - \u26a0\ufe0f Retry 2/3 for https://www.nigelfrank.com/microsoft-jobs?page=3 due to: Message: 
Stacktrace:
	GetHandleVerifier [0x0x7ff7f45dfea5+79173]
	GetHandleVerifier [0x0x7ff7f45dff00+79264]
	(No symbol) [0x0x7ff7f4399e5a]
	(No symbol) [0x0x7ff7f43f0586]
	(No symbol) [0x0x7ff7f43f083c]
	(No symbol) [0x0x7ff7f4444247]
	(No symbol) [0x0x7ff7f44189af]
	(No symbol) [0x0x7ff7f444100d]
	(No symbol) [0x0x7ff7f4418743]
	(No symbol) [0x0x7ff7f43e14c1]
	(No symbol) [0x0x7ff7f43e2253]
	GetHandleVerifier [0x0x7ff7f48aa2dd+3004797]
	GetHandleVerifier [0x0x7ff7f48a472d+2981325]
	GetHandleVerifier [0x0x7ff7f48c3380+3107360]
	GetHandleVerifier [0x0x7ff7f45faa2e+188622]
	GetHandleVerifier [0x0x7ff7f46022bf+219487]
	GetHandleVerifier [0x0x7ff7f45e8df4+115860]
	GetHandleVerifier [0x0x7ff7f45e8fa9+116297]
	GetHandleVerifier [0x0x7ff7f45cf558+11256]
	BaseThreadInitThunk [0x0x7ffcc97e259d+29]
	RtlUserThreadStart [0x0x7ffcca1eaf58+40]

2025-06-03 11:50:16,054 - WARNING - \u26a0\ufe0f Retry 3/3 for https://www.nigelfrank.com/microsoft-jobs?page=3 due to: Message: 
Stacktrace:
	GetHandleVerifier [0x0x7ff7f45dfea5+79173]
	GetHandleVerifier [0x0x7ff7f45dff00+79264]
	(No symbol) [0x0x7ff7f4399e5a]
	(No symbol) [0x0x7ff7f43f0586]
	(No symbol) [0x0x7ff7f43f083c]
	(No symbol) [0x0x7ff7f4444247]
	(No symbol) [0x0x7ff7f44189af]
	(No symbol) [0x0x7ff7f444100d]
	(No symbol) [0x0x7ff7f4418743]
	(No symbol) [0x0x7ff7f43e14c1]
	(No symbol) [0x0x7ff7f43e2253]
	GetHandleVerifier [0x0x7ff7f48aa2dd+3004797]
	GetHandleVerifier [0x0x7ff7f48a472d+2981325]
	GetHandleVerifier [0x0x7ff7f48c3380+3107360]
	GetHandleVerifier [0x0x7ff7f45faa2e+188622]
	GetHandleVerifier [0x0x7ff7f46022bf+219487]
	GetHandleVerifier [0x0x7ff7f45e8df4+115860]
	GetHandleVerifier [0x0x7ff7f45e8fa9+116297]
	GetHandleVerifier [0x0x7ff7f45cf558+11256]
	BaseThreadInitThunk [0x0x7ffcc97e259d+29]
	RtlUserThreadStart [0x0x7ffcca1eaf58+40]

2025-06-03 11:50:20,229 - ERROR - \u274c Max retries exceeded for https://www.nigelfrank.com/microsoft-jobs?page=3
2025-06-03 11:50:45,391 - WARNING - \u26a0\ufe0f Retry 1/3 for https://www.nigelfrank.com/microsoft-jobs?page=4 due to: Message: 
Stacktrace:
	GetHandleVerifier [0x0x7ff7f45dfea5+79173]
	GetHandleVerifier [0x0x7ff7f45dff00+79264]
	(No symbol) [0x0x7ff7f4399e5a]
	(No symbol) [0x0x7ff7f43f0586]
	(No symbol) [0x0x7ff7f43f083c]
	(No symbol) [0x0x7ff7f4444247]
	(No symbol) [0x0x7ff7f44189af]
	(No symbol) [0x0x7ff7f444100d]
	(No symbol) [0x0x7ff7f4418743]
	(No symbol) [0x0x7ff7f43e14c1]
	(No symbol) [0x0x7ff7f43e2253]
	GetHandleVerifier [0x0x7ff7f48aa2dd+3004797]
	GetHandleVerifier [0x0x7ff7f48a472d+2981325]
	GetHandleVerifier [0x0x7ff7f48c3380+3107360]
	GetHandleVerifier [0x0x7ff7f45faa2e+188622]
	GetHandleVerifier [0x0x7ff7f46022bf+219487]
	GetHandleVerifier [0x0x7ff7f45e8df4+115860]
	GetHandleVerifier [0x0x7ff7f45e8fa9+116297]
	GetHandleVerifier [0x0x7ff7f45cf558+11256]
	BaseThreadInitThunk [0x0x7ffcc97e259d+29]
	RtlUserThreadStart [0x0x7ffcca1eaf58+40]

2025-06-03 11:51:13,614 - WARNING - \u26a0\ufe0f Retry 2/3 for https://www.nigelfrank.com/microsoft-jobs?page=4 due to: Message: 
Stacktrace:
	GetHandleVerifier [0x0x7ff7f45dfea5+79173]
	GetHandleVerifier [0x0x7ff7f45dff00+79264]
	(No symbol) [0x0x7ff7f4399e5a]
	(No symbol) [0x0x7ff7f43f0586]
	(No symbol) [0x0x7ff7f43f083c]
	(No symbol) [0x0x7ff7f4444247]
	(No symbol) [0x0x7ff7f44189af]
	(No symbol) [0x0x7ff7f444100d]
	(No symbol) [0x0x7ff7f4418743]
	(No symbol) [0x0x7ff7f43e14c1]
	(No symbol) [0x0x7ff7f43e2253]
	GetHandleVerifier [0x0x7ff7f48aa2dd+3004797]
	GetHandleVerifier [0x0x7ff7f48a472d+2981325]
	GetHandleVerifier [0x0x7ff7f48c3380+3107360]
	GetHandleVerifier [0x0x7ff7f45faa2e+188622]
	GetHandleVerifier [0x0x7ff7f46022bf+219487]
	GetHandleVerifier [0x0x7ff7f45e8df4+115860]
	GetHandleVerifier [0x0x7ff7f45e8fa9+116297]
	GetHandleVerifier [0x0x7ff7f45cf558+11256]
	BaseThreadInitThunk [0x0x7ffcc97e259d+29]
	RtlUserThreadStart [0x0x7ffcca1eaf58+40]

2025-06-03 11:51:28,976 - INFO - \u2705 10 jobs found on https://www.nigelfrank.com/microsoft-jobs?page=4
2025-06-08 23:34:45,897 - WARNING - \u26a0\ufe0f Retry 1/3 for https://www.nigelfrank.com/microsoft-jobs?page=1 due to: Message: 
Stacktrace:
	GetHandleVerifier [0x0x7ff7df1bfea5+79173]
	GetHandleVerifier [0x0x7ff7df1bff00+79264]
	(No symbol) [0x0x7ff7def79e5a]
	(No symbol) [0x0x7ff7defd0586]
	(No symbol) [0x0x7ff7defd083c]
	(No symbol) [0x0x7ff7df024247]
	(No symbol) [0x0x7ff7deff89af]
	(No symbol) [0x0x7ff7df02100d]
	(No symbol) [0x0x7ff7deff8743]
	(No symbol) [0x0x7ff7defc14c1]
	(No symbol) [0x0x7ff7defc2253]
	GetHandleVerifier [0x0x7ff7df48a2dd+3004797]
	GetHandleVerifier [0x0x7ff7df48472d+2981325]
	GetHandleVerifier [0x0x7ff7df4a3380+3107360]
	GetHandleVerifier [0x0x7ff7df1daa2e+188622]
	GetHandleVerifier [0x0x7ff7df1e22bf+219487]
	GetHandleVerifier [0x0x7ff7df1c8df4+115860]
	GetHandleVerifier [0x0x7ff7df1c8fa9+116297]
	GetHandleVerifier [0x0x7ff7df1af558+11256]
	BaseThreadInitThunk [0x0x7ff947eb259d+29]
	RtlUserThreadStart [0x0x7ff949d8af58+40]

2025-06-08 23:35:12,776 - INFO - \u2705 10 jobs found on https://www.nigelfrank.com/microsoft-jobs?page=1
2025-06-08 23:35:40,460 - WARNING - \u26a0\ufe0f Retry 1/3 for https://www.nigelfrank.com/microsoft-jobs?page=2 due to: Message: 
Stacktrace:
	GetHandleVerifier [0x0x7ff7df1bfea5+79173]
	GetHandleVerifier [0x0x7ff7df1bff00+79264]
	(No symbol) [0x0x7ff7def79e5a]
	(No symbol) [0x0x7ff7defd0586]
	(No symbol) [0x0x7ff7defd083c]
	(No symbol) [0x0x7ff7df024247]
	(No symbol) [0x0x7ff7deff89af]
	(No symbol) [0x0x7ff7df02100d]
	(No symbol) [0x0x7ff7deff8743]
	(No symbol) [0x0x7ff7defc14c1]
	(No symbol) [0x0x7ff7defc2253]
	GetHandleVerifier [0x0x7ff7df48a2dd+3004797]
	GetHandleVerifier [0x0x7ff7df48472d+2981325]
	GetHandleVerifier [0x0x7ff7df4a3380+3107360]
	GetHandleVerifier [0x0x7ff7df1daa2e+188622]
	GetHandleVerifier [0x0x7ff7df1e22bf+219487]
	GetHandleVerifier [0x0x7ff7df1c8df4+115860]
	GetHandleVerifier [0x0x7ff7df1c8fa9+116297]
	GetHandleVerifier [0x0x7ff7df1af558+11256]
	BaseThreadInitThunk [0x0x7ff947eb259d+29]
	RtlUserThreadStart [0x0x7ff949d8af58+40]

